<?xml version="1.0" encoding="UTF-8"?>
<testng-results skipped="0" failed="0" ignored="0" total="2" passed="2">
  <reporter-output>
  </reporter-output>
  <suite name="Default suite" duration-ms="99" started-at="2017-11-08T11:20:15Z" finished-at="2017-11-08T11:20:15Z">
    <groups>
    </groups>
    <test name="Default test" duration-ms="99" started-at="2017-11-08T11:20:15Z" finished-at="2017-11-08T11:20:15Z">
      <class name="com.ubs.coding.UtilTest">
        <test-method status="PASS" signature="setup()[pri:0, instance:com.ubs.coding.UtilTest@6a2bcfcb]" name="setup" is-config="true" duration-ms="9" started-at="2017-11-08T16:50:15Z" finished-at="2017-11-08T16:50:15Z">
          <reporter-output>
          </reporter-output>
        </test-method> <!-- setup -->
        <test-method status="PASS" signature="testGetPhonebookByLastName()[pri:0, instance:com.ubs.coding.UtilTest@6a2bcfcb]" name="testGetPhonebookByLastName" duration-ms="71" started-at="2017-11-08T16:50:15Z" finished-at="2017-11-08T16:50:15Z">
          <reporter-output>
          </reporter-output>
        </test-method> <!-- testGetPhonebookByLastName -->
        <test-method status="PASS" signature="testGetPhonebookByPhoneNumber()[pri:0, instance:com.ubs.coding.UtilTest@6a2bcfcb]" name="testGetPhonebookByPhoneNumber" duration-ms="2" started-at="2017-11-08T16:50:15Z" finished-at="2017-11-08T16:50:15Z">
          <reporter-output>
          </reporter-output>
        </test-method> <!-- testGetPhonebookByPhoneNumber -->
      </class> <!-- com.ubs.coding.UtilTest -->
    </test> <!-- Default test -->
  </suite> <!-- Default suite -->
</testng-results>
